<?xml version="1.0" encoding="UTF-8"?>
<!-- Generated by org.testng.reporters.JUnitReportReporter -->
<testsuite hostname="Ramya" failures="0" tests="1" name="TestScripts_Magento.MagentoSoftwareTest" time="13.431" errors="0" timestamp="2024-12-28T23:34:29 IST" skipped="0">
  <testcase classname="TestScripts_Magento.MagentoSoftwareTest" name="testAccountCreation" time="13.431"/>
</testsuite> <!-- TestScripts_Magento.MagentoSoftwareTest -->
